<?xml version="1.0" encoding="UTF-8"?>
<!-- Generated by org.testng.reporters.JUnitReportReporter -->
<testsuite hostname="SURAJARMAN" failures="0" tests="2" name="Praticeforjenkin.Sample" time="0.002" errors="0" timestamp="2022-12-05T16:23:14 IST" skipped="0">
  <testcase classname="Praticeforjenkin.Sample" name="create" time="0.001"/>
  <system-out/>
  <testcase classname="Praticeforjenkin.Sample" name="update" time="0.001"/>
  <system-out/>
</testsuite> <!-- Praticeforjenkin.Sample -->
