<?xml version="1.0" encoding="UTF-8"?>
<!-- Generated by org.testng.reporters.JUnitReportReporter -->
<testsuite hostname="SURAJARMAN" failures="0" tests="2" name="Praticeforjenkin.sample2" time="0.010" errors="0" timestamp="2022-12-05T16:23:14 IST" skipped="0">
  <testcase classname="Praticeforjenkin.sample2" name="Sample" time="0.009"/>
  <system-out/>
  <testcase classname="Praticeforjenkin.sample2" name="sample2" time="0.001"/>
  <system-out/>
</testsuite> <!-- Praticeforjenkin.sample2 -->
